[ERROR] 2017-11-29 21:55:17.184 [main] Exceptions - There is no file in this directory
[TRACE] 2017-11-29 21:55:17.184 [main] Exceptions - com.intellij.rt.execution.junit.JUnitStarter.main(JUnitStarter.java:70)
com.intellij.rt.execution.junit.JUnitStarter.prepareStreamsAndStart(JUnitStarter.java:242)
com.intellij.rt.execution.junit.IdeaTestRunner$Repeater.startRunnerWithArgs(IdeaTestRunner.java:47)
com.intellij.junit4.JUnit4IdeaTestRunner.startRunnerWithArgs(JUnit4IdeaTestRunner.java:68)
org.junit.runner.JUnitCore.run(JUnitCore.java:137)
org.junit.runners.ParentRunner.run(ParentRunner.java:363)
org.junit.runners.ParentRunner$2.evaluate(ParentRunner.java:268)
org.junit.runners.ParentRunner.access$000(ParentRunner.java:58)
org.junit.runners.ParentRunner.runChildren(ParentRunner.java:288)
org.junit.runners.ParentRunner$1.schedule(ParentRunner.java:71)
org.junit.runners.ParentRunner$3.run(ParentRunner.java:290)
org.junit.runners.BlockJUnit4ClassRunner.runChild(BlockJUnit4ClassRunner.java:57)
org.junit.runners.BlockJUnit4ClassRunner.runChild(BlockJUnit4ClassRunner.java:78)
org.junit.runners.ParentRunner.runLeaf(ParentRunner.java:325)
org.junit.internal.runners.statements.InvokeMethod.evaluate(InvokeMethod.java:17)
org.junit.runners.model.FrameworkMethod.invokeExplosively(FrameworkMethod.java:47)
org.junit.internal.runners.model.ReflectiveCallable.run(ReflectiveCallable.java:12)
org.junit.runners.model.FrameworkMethod$1.runReflectiveCall(FrameworkMethod.java:50)
java.base/java.lang.reflect.Method.invoke(Method.java:564)
java.base/jdk.internal.reflect.DelegatingMethodAccessorImpl.invoke(DelegatingMethodAccessorImpl.java:43)
java.base/jdk.internal.reflect.NativeMethodAccessorImpl.invoke(NativeMethodAccessorImpl.java:62)
java.base/jdk.internal.reflect.NativeMethodAccessorImpl.invoke0(Native Method)
LoaderFromFileTest.loadData(LoaderFromFileToKeeperTest.java:15)
LoaderFromFile.loadData(LoaderFromFileToKeeper.java:15)
java.base/java.io.FileReader.<init>(FileReader.java:72)
java.base/java.io.FileInputStream.<init>(FileInputStream.java:139)
java.base/java.io.FileInputStream.open(FileInputStream.java:196)
java.base/java.io.FileInputStream.open0(Native Method)

[ERROR] 2017-11-29 21:55:24.242 [main] Exceptions - There is no file in this directory
[TRACE] 2017-11-29 21:55:24.242 [main] Exceptions - com.intellij.rt.execution.junit.JUnitStarter.main(JUnitStarter.java:70)
com.intellij.rt.execution.junit.JUnitStarter.prepareStreamsAndStart(JUnitStarter.java:242)
com.intellij.rt.execution.junit.IdeaTestRunner$Repeater.startRunnerWithArgs(IdeaTestRunner.java:47)
com.intellij.junit4.JUnit4IdeaTestRunner.startRunnerWithArgs(JUnit4IdeaTestRunner.java:68)
org.junit.runner.JUnitCore.run(JUnitCore.java:137)
org.junit.runners.ParentRunner.run(ParentRunner.java:363)
org.junit.runners.ParentRunner$2.evaluate(ParentRunner.java:268)
org.junit.runners.ParentRunner.access$000(ParentRunner.java:58)
org.junit.runners.ParentRunner.runChildren(ParentRunner.java:288)
org.junit.runners.ParentRunner$1.schedule(ParentRunner.java:71)
org.junit.runners.ParentRunner$3.run(ParentRunner.java:290)
org.junit.runners.BlockJUnit4ClassRunner.runChild(BlockJUnit4ClassRunner.java:57)
org.junit.runners.BlockJUnit4ClassRunner.runChild(BlockJUnit4ClassRunner.java:78)
org.junit.runners.ParentRunner.runLeaf(ParentRunner.java:325)
org.junit.internal.runners.statements.InvokeMethod.evaluate(InvokeMethod.java:17)
org.junit.runners.model.FrameworkMethod.invokeExplosively(FrameworkMethod.java:47)
org.junit.internal.runners.model.ReflectiveCallable.run(ReflectiveCallable.java:12)
org.junit.runners.model.FrameworkMethod$1.runReflectiveCall(FrameworkMethod.java:50)
java.base/java.lang.reflect.Method.invoke(Method.java:564)
java.base/jdk.internal.reflect.DelegatingMethodAccessorImpl.invoke(DelegatingMethodAccessorImpl.java:43)
java.base/jdk.internal.reflect.NativeMethodAccessorImpl.invoke(NativeMethodAccessorImpl.java:62)
java.base/jdk.internal.reflect.NativeMethodAccessorImpl.invoke0(Native Method)
LoaderFromFileTest.loadData(LoaderFromFileToKeeperTest.java:15)
LoaderFromFile.loadData(LoaderFromFileToKeeper.java:15)
java.base/java.io.FileReader.<init>(FileReader.java:72)
java.base/java.io.FileInputStream.<init>(FileInputStream.java:139)
java.base/java.io.FileInputStream.open(FileInputStream.java:196)
java.base/java.io.FileInputStream.open0(Native Method)

[ERROR] 2017-11-29 21:59:50.909 [main] Exceptions - You should enter integer number
[TRACE] 2017-11-29 21:59:50.909 [main] Exceptions - com.intellij.rt.execution.junit.JUnitStarter.main(JUnitStarter.java:70)
com.intellij.rt.execution.junit.JUnitStarter.prepareStreamsAndStart(JUnitStarter.java:242)
com.intellij.rt.execution.junit.IdeaTestRunner$Repeater.startRunnerWithArgs(IdeaTestRunner.java:47)
com.intellij.junit4.JUnit4IdeaTestRunner.startRunnerWithArgs(JUnit4IdeaTestRunner.java:68)
org.junit.runner.JUnitCore.run(JUnitCore.java:137)
org.junit.runners.ParentRunner.run(ParentRunner.java:363)
org.junit.runners.ParentRunner$2.evaluate(ParentRunner.java:268)
org.junit.runners.ParentRunner.access$000(ParentRunner.java:58)
org.junit.runners.ParentRunner.runChildren(ParentRunner.java:288)
org.junit.runners.ParentRunner$1.schedule(ParentRunner.java:71)
org.junit.runners.ParentRunner$3.run(ParentRunner.java:290)
org.junit.runners.BlockJUnit4ClassRunner.runChild(BlockJUnit4ClassRunner.java:57)
org.junit.runners.BlockJUnit4ClassRunner.runChild(BlockJUnit4ClassRunner.java:78)
org.junit.runners.ParentRunner.runLeaf(ParentRunner.java:325)
org.junit.internal.runners.statements.InvokeMethod.evaluate(InvokeMethod.java:17)
org.junit.runners.model.FrameworkMethod.invokeExplosively(FrameworkMethod.java:47)
org.junit.internal.runners.model.ReflectiveCallable.run(ReflectiveCallable.java:12)
org.junit.runners.model.FrameworkMethod$1.runReflectiveCall(FrameworkMethod.java:50)
java.base/java.lang.reflect.Method.invoke(Method.java:564)
java.base/jdk.internal.reflect.DelegatingMethodAccessorImpl.invoke(DelegatingMethodAccessorImpl.java:43)
java.base/jdk.internal.reflect.NativeMethodAccessorImpl.invoke(NativeMethodAccessorImpl.java:62)
java.base/jdk.internal.reflect.NativeMethodAccessorImpl.invoke0(Native Method)
LoaderFromFileTest.loadData(LoaderFromFileToKeeperTest.java:17)
LoaderFromFile.loadData(LoaderFromFileToKeeper.java:23)
com.iba.project.tools.creator.PlanReader.createPlan(PlanReader.java:16)
com.iba.project.tools.validator.Validator.isDataValidForPlan(Validator.java:12)
java.base/java.lang.Double.parseDouble(Double.java:543)
java.base/jdk.internal.math.FloatingDecimal.parseDouble(FloatingDecimal.java:110)
java.base/jdk.internal.math.FloatingDecimal.readJavaFormatString(FloatingDecimal.java:2054)

[ERROR] 2017-11-29 21:59:50.909 [main] Exceptions - Invalid length of data 
[TRACE] 2017-11-29 21:59:50.909 [main] Exceptions - com.intellij.rt.execution.junit.JUnitStarter.main(JUnitStarter.java:70)
com.intellij.rt.execution.junit.JUnitStarter.prepareStreamsAndStart(JUnitStarter.java:242)
com.intellij.rt.execution.junit.IdeaTestRunner$Repeater.startRunnerWithArgs(IdeaTestRunner.java:47)
com.intellij.junit4.JUnit4IdeaTestRunner.startRunnerWithArgs(JUnit4IdeaTestRunner.java:68)
org.junit.runner.JUnitCore.run(JUnitCore.java:137)
org.junit.runners.ParentRunner.run(ParentRunner.java:363)
org.junit.runners.ParentRunner$2.evaluate(ParentRunner.java:268)
org.junit.runners.ParentRunner.access$000(ParentRunner.java:58)
org.junit.runners.ParentRunner.runChildren(ParentRunner.java:288)
org.junit.runners.ParentRunner$1.schedule(ParentRunner.java:71)
org.junit.runners.ParentRunner$3.run(ParentRunner.java:290)
org.junit.runners.BlockJUnit4ClassRunner.runChild(BlockJUnit4ClassRunner.java:57)
org.junit.runners.BlockJUnit4ClassRunner.runChild(BlockJUnit4ClassRunner.java:78)
org.junit.runners.ParentRunner.runLeaf(ParentRunner.java:325)
org.junit.internal.runners.statements.InvokeMethod.evaluate(InvokeMethod.java:17)
org.junit.runners.model.FrameworkMethod.invokeExplosively(FrameworkMethod.java:47)
org.junit.internal.runners.model.ReflectiveCallable.run(ReflectiveCallable.java:12)
org.junit.runners.model.FrameworkMethod$1.runReflectiveCall(FrameworkMethod.java:50)
java.base/java.lang.reflect.Method.invoke(Method.java:564)
java.base/jdk.internal.reflect.DelegatingMethodAccessorImpl.invoke(DelegatingMethodAccessorImpl.java:43)
java.base/jdk.internal.reflect.NativeMethodAccessorImpl.invoke(NativeMethodAccessorImpl.java:62)
java.base/jdk.internal.reflect.NativeMethodAccessorImpl.invoke0(Native Method)
LoaderFromFileTest.loadData(LoaderFromFileToKeeperTest.java:17)
LoaderFromFile.loadData(LoaderFromFileToKeeper.java:23)
com.iba.project.tools.creator.PlanReader.createPlan(PlanReader.java:16)
com.iba.project.tools.validator.Validator.isDataValidForPlan(Validator.java:9)

[ERROR] 2017-12-01 22:14:10.989 [main] LoggerForExceptions - You should enter integer number
[TRACE] 2017-12-01 22:14:10.989 [main] LoggerForExceptions - [Ljava.lang.StackTraceElement;@14fa86ae
[ERROR] 2017-12-01 22:14:11.005 [main] LoggerForExceptions - Invalid length of data 
[TRACE] 2017-12-01 22:14:11.005 [main] LoggerForExceptions - [Ljava.lang.StackTraceElement;@6e15fe2
[ERROR] 2017-12-01 22:15:14.032 [main] LoggerForExceptions - You should enter integer number
[TRACE] 2017-12-01 22:15:14.032 [main] LoggerForExceptions - [Ljava.lang.StackTraceElement;@14fa86ae
[ERROR] 2017-12-01 22:15:14.032 [main] LoggerForExceptions - Invalid length of data 
[TRACE] 2017-12-01 22:15:14.032 [main] LoggerForExceptions - [Ljava.lang.StackTraceElement;@6e15fe2
[ERROR] 2017-12-01 22:15:48.448 [main] LoggerForExceptions - You should enter integer number
[TRACE] 2017-12-01 22:15:48.448 [main] LoggerForExceptions - java.lang.NumberFormatException: Not a digit.
[ERROR] 2017-12-01 22:15:48.448 [main] LoggerForExceptions - Invalid length of data 
[TRACE] 2017-12-01 22:15:48.448 [main] LoggerForExceptions - java.lang.IllegalArgumentException: Invalid length of data 
[ERROR] 2017-12-01 22:20:46.949 [main] LoggerForExceptions - You should enter integer number
[TRACE] 2017-12-01 22:20:46.949 [main] LoggerForExceptions - [Ljava.lang.StackTraceElement;@14fa86ae
[ERROR] 2017-12-01 22:20:46.949 [main] LoggerForExceptions - Invalid length of data 
[TRACE] 2017-12-01 22:20:46.949 [main] LoggerForExceptions - [Ljava.lang.StackTraceElement;@6e15fe2
[TRACE] 2017-12-02 17:35:48.612 [main] LoggerForExceptions - You should enter integer number
java.lang.NumberFormatException: Not a digit.
	at java.math.BigDecimal.parseExp(BigDecimal.java:669) ~[?:?]
	at java.math.BigDecimal.<init>(BigDecimal.java:506) ~[?:?]
	at java.math.BigDecimal.<init>(BigDecimal.java:400) ~[?:?]
	at java.math.BigDecimal.<init>(BigDecimal.java:828) ~[?:?]
	at com.iba.project.tools.validator.Validator.isDataValidForPlan(Validator.java:14) [classes/:?]
	at com.iba.project.tools.creator.PlanReader.createPlan(PlanReader.java:17) [classes/:?]
	at LoaderFromFile.loadData(LoaderFromFileToKeeper.java:23) [classes/:?]
	at LoaderFromFileTest.loadData(LoaderFromFileToKeeperTest.java:13) [test-classes/:?]
	at jdk.internal.reflect.NativeMethodAccessorImpl.invoke0(Native Method) ~[?:?]
	at jdk.internal.reflect.NativeMethodAccessorImpl.invoke(NativeMethodAccessorImpl.java:62) ~[?:?]
	at jdk.internal.reflect.DelegatingMethodAccessorImpl.invoke(DelegatingMethodAccessorImpl.java:43) ~[?:?]
	at java.lang.reflect.Method.invoke(Method.java:564) ~[?:?]
	at org.junit.runners.model.FrameworkMethod$1.runReflectiveCall(FrameworkMethod.java:50) [junit-4.12.jar:4.12]
	at org.junit.internal.runners.model.ReflectiveCallable.run(ReflectiveCallable.java:12) [junit-4.12.jar:4.12]
	at org.junit.runners.model.FrameworkMethod.invokeExplosively(FrameworkMethod.java:47) [junit-4.12.jar:4.12]
	at org.junit.internal.runners.statements.InvokeMethod.evaluate(InvokeMethod.java:17) [junit-4.12.jar:4.12]
	at org.junit.runners.ParentRunner.runLeaf(ParentRunner.java:325) [junit-4.12.jar:4.12]
	at org.junit.runners.BlockJUnit4ClassRunner.runChild(BlockJUnit4ClassRunner.java:78) [junit-4.12.jar:4.12]
	at org.junit.runners.BlockJUnit4ClassRunner.runChild(BlockJUnit4ClassRunner.java:57) [junit-4.12.jar:4.12]
	at org.junit.runners.ParentRunner$3.run(ParentRunner.java:290) [junit-4.12.jar:4.12]
	at org.junit.runners.ParentRunner$1.schedule(ParentRunner.java:71) [junit-4.12.jar:4.12]
	at org.junit.runners.ParentRunner.runChildren(ParentRunner.java:288) [junit-4.12.jar:4.12]
	at org.junit.runners.ParentRunner.access$000(ParentRunner.java:58) [junit-4.12.jar:4.12]
	at org.junit.runners.ParentRunner$2.evaluate(ParentRunner.java:268) [junit-4.12.jar:4.12]
	at org.junit.runners.ParentRunner.run(ParentRunner.java:363) [junit-4.12.jar:4.12]
	at org.junit.runner.JUnitCore.run(JUnitCore.java:137) [junit-4.12.jar:4.12]
	at com.intellij.junit4.JUnit4IdeaTestRunner.startRunnerWithArgs(JUnit4IdeaTestRunner.java:68) [junit-rt.jar:?]
	at com.intellij.rt.execution.junit.IdeaTestRunner$Repeater.startRunnerWithArgs(IdeaTestRunner.java:47) [junit-rt.jar:?]
	at com.intellij.rt.execution.junit.JUnitStarter.prepareStreamsAndStart(JUnitStarter.java:242) [junit-rt.jar:?]
	at com.intellij.rt.execution.junit.JUnitStarter.main(JUnitStarter.java:70) [junit-rt.jar:?]
[TRACE] 2017-12-02 17:35:48.626 [main] LoggerForExceptions - Invalid length of data 
java.lang.IllegalArgumentException: Invalid length of data 
	at com.iba.project.tools.validator.Validator.isDataValidForPlan(Validator.java:11) [classes/:?]
	at com.iba.project.tools.creator.PlanReader.createPlan(PlanReader.java:17) [classes/:?]
	at LoaderFromFile.loadData(LoaderFromFileToKeeper.java:23) [classes/:?]
	at LoaderFromFileTest.loadData(LoaderFromFileToKeeperTest.java:13) [test-classes/:?]
	at jdk.internal.reflect.NativeMethodAccessorImpl.invoke0(Native Method) ~[?:?]
	at jdk.internal.reflect.NativeMethodAccessorImpl.invoke(NativeMethodAccessorImpl.java:62) ~[?:?]
	at jdk.internal.reflect.DelegatingMethodAccessorImpl.invoke(DelegatingMethodAccessorImpl.java:43) ~[?:?]
	at java.lang.reflect.Method.invoke(Method.java:564) ~[?:?]
	at org.junit.runners.model.FrameworkMethod$1.runReflectiveCall(FrameworkMethod.java:50) [junit-4.12.jar:4.12]
	at org.junit.internal.runners.model.ReflectiveCallable.run(ReflectiveCallable.java:12) [junit-4.12.jar:4.12]
	at org.junit.runners.model.FrameworkMethod.invokeExplosively(FrameworkMethod.java:47) [junit-4.12.jar:4.12]
	at org.junit.internal.runners.statements.InvokeMethod.evaluate(InvokeMethod.java:17) [junit-4.12.jar:4.12]
	at org.junit.runners.ParentRunner.runLeaf(ParentRunner.java:325) [junit-4.12.jar:4.12]
	at org.junit.runners.BlockJUnit4ClassRunner.runChild(BlockJUnit4ClassRunner.java:78) [junit-4.12.jar:4.12]
	at org.junit.runners.BlockJUnit4ClassRunner.runChild(BlockJUnit4ClassRunner.java:57) [junit-4.12.jar:4.12]
	at org.junit.runners.ParentRunner$3.run(ParentRunner.java:290) [junit-4.12.jar:4.12]
	at org.junit.runners.ParentRunner$1.schedule(ParentRunner.java:71) [junit-4.12.jar:4.12]
	at org.junit.runners.ParentRunner.runChildren(ParentRunner.java:288) [junit-4.12.jar:4.12]
	at org.junit.runners.ParentRunner.access$000(ParentRunner.java:58) [junit-4.12.jar:4.12]
	at org.junit.runners.ParentRunner$2.evaluate(ParentRunner.java:268) [junit-4.12.jar:4.12]
	at org.junit.runners.ParentRunner.run(ParentRunner.java:363) [junit-4.12.jar:4.12]
	at org.junit.runner.JUnitCore.run(JUnitCore.java:137) [junit-4.12.jar:4.12]
	at com.intellij.junit4.JUnit4IdeaTestRunner.startRunnerWithArgs(JUnit4IdeaTestRunner.java:68) [junit-rt.jar:?]
	at com.intellij.rt.execution.junit.IdeaTestRunner$Repeater.startRunnerWithArgs(IdeaTestRunner.java:47) [junit-rt.jar:?]
	at com.intellij.rt.execution.junit.JUnitStarter.prepareStreamsAndStart(JUnitStarter.java:242) [junit-rt.jar:?]
	at com.intellij.rt.execution.junit.JUnitStarter.main(JUnitStarter.java:70) [junit-rt.jar:?]
